<?xml version="1.0" encoding="UTF-8"?>
<beans xmlns="http://www.springframework.org/schema/beans"
	xmlns:xsi="http://www.w3.org/2001/XMLSchema-instance"
	xmlns:int="http://www.springframework.org/schema/integration"
	xmlns:context="http://www.springframework.org/schema/context"
	xmlns:mvc="http://www.springframework.org/schema/mvc"
	xsi:schemaLocation="http://www.springframework.org/schema/integration http://www.springframework.org/schema/integration/spring-integration-3.0.xsd
		http://www.springframework.org/schema/beans http://www.springframework.org/schema/beans/spring-beans.xsd
		http://www.springframework.org/schema/context http://www.springframework.org/schema/context/spring-context.xsd
		http://www.springframework.org/schema/mvc http://www.springframework.org/schema/mvc/spring-mvc.xsd">


	<context:component-scan base-package="com.mpc.middleware.web" />

	<mvc:annotation-driven />

	<bean
		class="org.springframework.web.servlet.handler.SimpleMappingExceptionResolver">
		<!-- view name resolved using bean of type InternalResourceViewResolver 
			(declared in mvc-view-config.xml) -->
		<property name="defaultErrorView" value="exception" />
		<!-- results into 'WEB-INF/jsp/exception.jsp' -->
		<property name="warnLogCategory" value="warn" />
		<!-- needed otherwise exceptions won't be logged anywhere -->
	</bean>

	<bean
		class="org.springframework.web.servlet.view.ContentNegotiatingViewResolver">
		<property name="contentNegotiationManager" ref="cnManager" />

		<property name="viewResolvers">
			<list>
				<!-- Default viewClass: JSTL view (JSP with html output) -->
				<bean
					class="org.springframework.web.servlet.view.InternalResourceViewResolver">
					<!-- Example: a logical view name of 'vets' is mapped to '/WEB-INF/jsp/vets.jsp' -->
					<property name="prefix" value="/WEB-INF/jsp/" />
					<property name="suffix" value=".jsp" />
				</bean>

				<!-- Used here for 'xml' and 'atom' views -->
				<!-- <bean class="org.springframework.web.servlet.view.BeanNameViewResolver" /> -->
			</list>
		</property>
	</bean>

	<bean id="cnManager"
		class="org.springframework.web.accept.ContentNegotiationManagerFactoryBean">
		<property name="favorPathExtension" value="true" />
		<property name="ignoreAcceptHeader" value="true" />
		<property name="defaultContentType" value="text/html" />

		<property name="mediaTypes">
			<map>
				<entry key="html" value="text/html" />
				<entry key="xml" value="application/xml" />
				<entry key="json" value="application/json" />
				<entry key="atom" value="application/atom+xml" />
			</map>
		</property>
	</bean>
</beans>
